<?xml version="1.0" encoding="UTF-8"?>
<!-- Generated by org.testng.reporters.JUnitReportReporter -->
<testsuite hostname="DESKTOP-H3SJ9V1" failures="0" tests="3" name="stepDefinationEmi.StepDefinationEmi" time="8.202" errors="0" timestamp="2022-04-21T11:02:02 IST" skipped="1">
  <testcase classname="stepDefinationEmi.StepDefinationEmi" name="navigate_to_something_site" time="6.560"/>
  <system-out/>
  <testcase classname="stepDefinationEmi.StepDefinationEmi" name="user_enters_and_and" time="0.000">
    <skipped/>
  </testcase> <!-- user_enters_and_and -->
  <system-out/>
  <testcase classname="stepDefinationEmi.StepDefinationEmi" name="initialize_the_browser_with_chrome" time="1.642"/>
  <system-out/>
</testsuite> <!-- stepDefinationEmi.StepDefinationEmi -->
